<?xml version="1.0" encoding="UTF-8"?>
<testsuite xmlns:xsi="http://www.w3.org/2001/XMLSchema-instance" xsi:noNamespaceSchemaLocation="https://maven.apache.org/surefire/maven-surefire-plugin/xsd/surefire-test-report.xsd" name="com.atguigu.admin.Junit5Test" time="0.365" tests="15" errors="1" skipped="2" failures="3">
  <properties>
[...]
</properties>
  <testcase name="testException" classname="com.atguigu.admin.Junit5Test" time="0">
    <failure message="业务逻辑居然正常运行？ ==&gt; Expected java.lang.ArithmeticException to be thrown, but nothing was thrown." type="org.opentest4j.AssertionFailedError">org.opentest4j.AssertionFailedError: 业务逻辑居然正常运行？ ==> Expected java.lang.ArithmeticException to be thrown, but nothing was thrown.
	at com.atguigu.admin.Junit5Test.testException(Junit5Test.java:81)
</failure>
    <system-out><![CDATA[2021-09-03 21:25:44.069  INFO 29804 --- [           main] .b.t.c.SpringBootTestContextBootstrapper : Neither @ContextConfiguration nor @ContextHierarchy found for test class [com.atguigu.admin.Junit5Test], using SpringBootContextLoader
2021-09-03 21:25:44.069  INFO 29804 --- [           main] o.s.t.c.support.AbstractContextLoader    : Could not detect default resource locations for test class [com.atguigu.admin.Junit5Test]: no resource found for suffixes {-context.xml, Context.groovy}.
2021-09-03 21:25:44.070  INFO 29804 --- [           main] t.c.s.AnnotationConfigContextLoaderUtils : Could not detect default configuration classes for test class [com.atguigu.admin.Junit5Test]: Junit5Test does not declare any static, non-private, non-final, nested classes annotated with @Configuration.
2021-09-03 21:25:44.071  INFO 29804 --- [           main] .b.t.c.SpringBootTestContextBootstrapper : Found @SpringBootConfiguration com.atguigu.admin.Boot05WebAdminApplication for test class com.atguigu.admin.Junit5Test
2021-09-03 21:25:44.075  INFO 29804 --- [           main] .b.t.c.SpringBootTestContextBootstrapper : Loaded default TestExecutionListener class names from location [META-INF/spring.factories]: [org.springframework.boot.test.mock.mockito.MockitoTestExecutionListener, org.springframework.boot.test.mock.mockito.ResetMocksTestExecutionListener, org.springframework.boot.test.autoconfigure.restdocs.RestDocsTestExecutionListener, org.springframework.boot.test.autoconfigure.web.client.MockRestServiceServerResetTestExecutionListener, org.springframework.boot.test.autoconfigure.web.servlet.MockMvcPrintOnlyOnFailureTestExecutionListener, org.springframework.boot.test.autoconfigure.web.servlet.WebDriverTestExecutionListener, org.springframework.boot.test.autoconfigure.webservices.client.MockWebServiceServerTestExecutionListener, org.springframework.test.context.web.ServletTestExecutionListener, org.springframework.test.context.support.DirtiesContextBeforeModesTestExecutionListener, org.springframework.test.context.support.DependencyInjectionTestExecutionListener, org.springframework.test.context.support.DirtiesContextTestExecutionListener, org.springframework.test.context.transaction.TransactionalTestExecutionListener, org.springframework.test.context.jdbc.SqlScriptsTestExecutionListener, org.springframework.test.context.event.EventPublishingTestExecutionListener]
2021-09-03 21:25:44.075  INFO 29804 --- [           main] .b.t.c.SpringBootTestContextBootstrapper : Using TestExecutionListeners: [org.springframework.test.context.web.ServletTestExecutionListener@36c07c75, org.springframework.test.context.support.DirtiesContextBeforeModesTestExecutionListener@6750e381, org.springframework.boot.test.mock.mockito.MockitoTestExecutionListener@5d850a25, org.springframework.boot.test.autoconfigure.SpringBootDependencyInjectionTestExecutionListener@b022551, org.springframework.test.context.support.DirtiesContextTestExecutionListener@3e14d390, org.springframework.test.context.transaction.TransactionalTestExecutionListener@5eb87338, org.springframework.test.context.jdbc.SqlScriptsTestExecutionListener@2b999ee8, org.springframework.test.context.event.EventPublishingTestExecutionListener@31ab1e67, org.springframework.boot.test.mock.mockito.ResetMocksTestExecutionListener@29bbc391, org.springframework.boot.test.autoconfigure.restdocs.RestDocsTestExecutionListener@3487442d, org.springframework.boot.test.autoconfigure.web.client.MockRestServiceServerResetTestExecutionListener@530ee28b, org.springframework.boot.test.autoconfigure.web.servlet.MockMvcPrintOnlyOnFailureTestExecutionListener@3a3f96ab, org.springframework.boot.test.autoconfigure.web.servlet.WebDriverTestExecutionListener@4def7d36, org.springframework.boot.test.autoconfigure.webservices.client.MockWebServiceServerTestExecutionListener@43c7fe8a]
所有测试就要开始了...
测试就要开始了...
测试结束了...
]]></system-out>
  </testcase>
  <testcase name="testTimeout" classname="com.atguigu.admin.Junit5Test" time="0.31">
    <error message="testTimeout() timed out after 500 milliseconds" type="java.util.concurrent.TimeoutException">java.util.concurrent.TimeoutException: testTimeout() timed out after 500 milliseconds
</error>
    <system-out><![CDATA[测试就要开始了...
测试结束了...
]]></system-out>
  </testcase>
  <testcase name="testFail" classname="com.atguigu.admin.Junit5Test" time="0.002"/>
  <testcase name="testassumptions" classname="com.atguigu.admin.Junit5Test" time="0">
    <skipped message="Assumption failed: 结果不是true" type="org.opentest4j.TestAbortedException">org.opentest4j.TestAbortedException: Assumption failed: 结果不是true
	at com.atguigu.admin.Junit5Test.testassumptions(Junit5Test.java:35)
</skipped>
    <system-out><![CDATA[测试就要开始了...
测试结束了...
]]></system-out>
  </testcase>
  <testcase name="all" classname="com.atguigu.admin.Junit5Test" time="0.006">
    <failure message="test (1 failure)&#10;	org.opentest4j.AssertionFailedError: 结果不是1 ==&gt; expected: &lt;1&gt; but was: &lt;2&gt;" type="org.opentest4j.MultipleFailuresError"><![CDATA[org.opentest4j.MultipleFailuresError: 
test (1 failure)
	org.opentest4j.AssertionFailedError: 结果不是1 ==> expected: <1> but was: <2>
	at com.atguigu.admin.Junit5Test.all(Junit5Test.java:69)
]]></failure>
    <system-out><![CDATA[测试就要开始了...
测试结束了...
]]></system-out>
  </testcase>
  <testcase name="array" classname="com.atguigu.admin.Junit5Test" time="0.003"/>
  <testcase name="test2" classname="com.atguigu.admin.Junit5Test" time="0">
    <skipped message="void com.atguigu.admin.Junit5Test.test2() is @Disabled"/>
  </testcase>
  <testcase name="test3" classname="com.atguigu.admin.Junit5Test" time="0.002"/>
  <testcase name="test3[1]" classname="com.atguigu.admin.Junit5Test" time="0.003"/>
  <testcase name="test3[2]" classname="com.atguigu.admin.Junit5Test" time="0.003"/>
  <testcase name="test3[3]" classname="com.atguigu.admin.Junit5Test" time="0.002"/>
  <testcase name="test3[4]" classname="com.atguigu.admin.Junit5Test" time="0.002"/>
  <testcase name="test3[5]" classname="com.atguigu.admin.Junit5Test" time="0.002"/>
  <testcase name="testDisplayName" classname="com.atguigu.admin.Junit5Test" time="0.002"/>
  <testcase name="testSimpleAssertions" classname="com.atguigu.admin.Junit5Test" time="0.002">
    <failure message="业务逻辑计算失败 ==&gt; expected: &lt;6&gt; but was: &lt;5&gt;" type="org.opentest4j.AssertionFailedError"><![CDATA[org.opentest4j.AssertionFailedError: 业务逻辑计算失败 ==> expected: <6> but was: <5>
	at com.atguigu.admin.Junit5Test.testSimpleAssertions(Junit5Test.java:50)
]]></failure>
    <system-out><![CDATA[测试就要开始了...
测试结束了...
]]></system-out>
  </testcase>
</testsuite>