<?xml version="1.0" encoding="UTF-8"?>
<testsuite xmlns:xsi="http://www.w3.org/2001/XMLSchema-instance" xsi:noNamespaceSchemaLocation="https://maven.apache.org/surefire/maven-surefire-plugin/xsd/surefire-test-report.xsd" name="com.atguigu.admin.TestingAStackDemo" time="0.023" tests="15" errors="0" skipped="0" failures="0">
  <properties>
[...]
</properties>
  <testcase name="testParameterized2{String}[1]" classname="com.atguigu.admin.TestingAStackDemo" time="0.008"/>
  <testcase name="testParameterized2{String}[2]" classname="com.atguigu.admin.TestingAStackDemo" time="0"/>
  <testcase name="testParameterized2{String}[3]" classname="com.atguigu.admin.TestingAStackDemo" time="0"/>
  <testcase name="isInstantiatedWithNew" classname="com.atguigu.admin.TestingAStackDemo" time="0.001"/>
  <testcase name="testParameterized{int}[1]" classname="com.atguigu.admin.TestingAStackDemo" time="0.001"/>
  <testcase name="testParameterized{int}[2]" classname="com.atguigu.admin.TestingAStackDemo" time="0.001"/>
  <testcase name="testParameterized{int}[3]" classname="com.atguigu.admin.TestingAStackDemo" time="0"/>
  <testcase name="testParameterized{int}[4]" classname="com.atguigu.admin.TestingAStackDemo" time="0"/>
  <testcase name="testParameterized{int}[5]" classname="com.atguigu.admin.TestingAStackDemo" time="0"/>
  <testcase name="throwsExceptionWhenPeeked" classname="com.atguigu.admin.TestingAStackDemo$WhenNew" time="0"/>
  <testcase name="throwsExceptionWhenPopped" classname="com.atguigu.admin.TestingAStackDemo$WhenNew" time="0"/>
  <testcase name="isEmpty" classname="com.atguigu.admin.TestingAStackDemo$WhenNew" time="0"/>
  <testcase name="returnElementWhenPeeked" classname="com.atguigu.admin.TestingAStackDemo$WhenNew$AfterPushing" time="0.001"/>
  <testcase name="returnElementWhenPopped" classname="com.atguigu.admin.TestingAStackDemo$WhenNew$AfterPushing" time="0.001"/>
  <testcase name="isNotEmpty" classname="com.atguigu.admin.TestingAStackDemo$WhenNew$AfterPushing" time="0"/>
</testsuite>